<?xml version="1.0" encoding="UTF-8" ?>
<testsuite 
errors="0" failures="0" hostname="DESKTOP-TLRGKV5" name="org.scalatest.tools.DiscoverySuite" tests="0" time="0.467" timestamp="2024-03-03T13:48:08">
  <properties>
    <property name="java.runtime.name" value="OpenJDK Runtime Environment"/>
    <property 
    name="sun.boot.library.path" value="/home/headly48/.sdkman/candidates/java/8.0.392-amzn/jre/lib/amd64">
</property>
    <property name="java.vm.version" value="25.392-b08"/>
    <property name="java.vm.vendor" value="Amazon.com Inc."/>
    <property name="java.vendor.url" value="https://aws.amazon.com/corretto/"/>
    <property name="path.separator" value=":"/>
    <property name="java.vm.name" value="OpenJDK 64-Bit Server VM"/>
    <property name="file.encoding.pkg" value="sun.io"/>
    <property name="user.country" value=""/>
    <property name="sun.java.launcher" value="SUN_STANDARD"/>
    <property name="sun.os.patch.level" value="unknown"/>
    <property 
    name="java.vm.specification.name" value="Java Virtual Machine Specification">
</property>
    <property 
    name="user.dir" value="/home/headly48/projects/kafka-connect-ftp">
</property>
    <property name="java.runtime.version" value="1.8.0_392-b08"/>
    <property 
    name="java.awt.graphicsenv" value="sun.awt.X11GraphicsEnvironment">
</property>
    <property 
    name="java.endorsed.dirs" value="/home/headly48/.sdkman/candidates/java/8.0.392-amzn/jre/lib/endorsed">
</property>
    <property name="os.arch" value="amd64"/>
    <property name="java.io.tmpdir" value="/tmp"/>
    <property name="line.separator" value=" "/>
    <property name="java.vm.specification.vendor" value="Oracle Corporation"/>
    <property name="user.variant" value=""/>
    <property name="os.name" value="Linux"/>
    <property name="sun.jnu.encoding" value="UTF-8"/>
    <property 
    name="java.library.path" value="/usr/java/packages/lib/amd64:/usr/lib64:/lib64:/lib:/usr/lib">
</property>
    <property 
    name="java.specification.name" value="Java Platform API Specification">
</property>
    <property name="java.class.version" value="52.0"/>
    <property 
    name="sun.management.compiler" value="HotSpot 64-Bit Tiered Compilers">
</property>
    <property name="os.version" value="5.15.133.1-microsoft-standard-WSL2"/>
    <property name="user.home" value="/home/headly48"/>
    <property name="user.timezone" value=""/>
    <property name="java.awt.printerjob" value="sun.print.PSPrinterJob"/>
    <property name="file.encoding" value="UTF-8"/>
    <property name="java.specification.version" value="1.8"/>
    <property name="user.name" value="headly48"/>
    <property 
    name="java.class.path" value="/home/headly48/projects/kafka-connect-ftp/build/classes/test:/home/headly48/projects/kafka-connect-ftp/build/resources/test:/home/headly48/projects/kafka-connect-ftp/build/classes/main:/home/headly48/projects/kafka-connect-ftp/build/resources/main:/home/headly48/.gradle/caches/modules-2/files-2.1/org.scala-lang/scala-library/2.13.9/48bad4bee84f503be847be81ae96d32f6e78d658/scala-library-2.13.9.jar:/home/headly48/.gradle/caches/modules-2/files-2.1/com.typesafe.scala-logging/scala-logging_2.13/3.9.2/6986314976f55419819ca7ae9f9d077ba070fe42/scala-logging_2.13-3.9.2.jar:/home/headly48/.gradle/caches/modules-2/files-2.1/org.apache.kafka/connect-api/3.7.0/8336a4e14d9af80ca387d988702022bc4f4ef1e4/connect-api-3.7.0.jar:/home/headly48/.gradle/caches/modules-2/files-2.1/com.github.pathikrit/better-files_2.13/3.8.0/f9f278c114ceb35cd1b10c213cf0cf82f3f1a90/better-files_2.13-3.8.0.jar:/home/headly48/.gradle/caches/modules-2/files-2.1/org.apache.ftpserver/ftpserver-core/1.0.6/2ad1570cd6c0d7ea7ca4d3c26a205e02452f5d7d/ftpserver-core-1.0.6.jar:/home/headly48/.gradle/caches/modules-2/files-2.1/commons-net/commons-net/3.5/342fc284019f590e1308056990fdb24a08f06318/commons-net-3.5.jar:/home/headly48/.gradle/caches/modules-2/files-2.1/commons-codec/commons-codec/1.10/4b95f4897fa13f2cd904aee711aeafc0c5295cd8/commons-codec-1.10.jar:/home/headly48/.gradle/caches/modules-2/files-2.1/org.scalatest/scalatest_2.13/3.2.0/68b2fd873ce35b2a6d792ac5e7880c4873589f88/scalatest_2.13-3.2.0.jar:/home/headly48/.gradle/caches/modules-2/files-2.1/org.mockito/mockito-all/1.8.4/5c97d8b6e715ed941aeb93d6fc401ab3eb18a566/mockito-all-1.8.4.jar:/home/headly48/.gradle/caches/modules-2/files-2.1/org.scalatestplus/mockito-3-2_2.13/3.1.2.0/f590ad58ca333c9656705217195324a5da18b7cb/mockito-3-2_2.13-3.1.2.0.jar:/home/headly48/.gradle/caches/modules-2/files-2.1/com.vladsch.flexmark/flexmark-all/0.35.10/7c681f6bb30ec7bda6904e270808cdfe51a8984e/flexmark-all-0.35.10.jar:/home/headly48/.gradle/caches/modules-2/files-2.1/org.pegdown/pegdown/1.4.2/d96db502ed832df867ff5d918f05b51ba3879ea7/pegdown-1.4.2.jar:/home/headly48/.gradle/caches/modules-2/files-2.1/org.slf4j/slf4j-log4j12/1.7.21/7238b064d1aba20da2ac03217d700d91e02460fa/slf4j-log4j12-1.7.21.jar:/home/headly48/.gradle/caches/modules-2/files-2.1/org.apache.kafka/kafka-clients/3.7.0/b8f9f75bc3edc06f842dd16071465544198bc045/kafka-clients-3.7.0.jar:/home/headly48/.gradle/caches/modules-2/files-2.1/javax.ws.rs/javax.ws.rs-api/2.1.1/d3466bc9321fe84f268a1adb3b90373fc14b0eb5/javax.ws.rs-api-2.1.1.jar:/home/headly48/.gradle/caches/modules-2/files-2.1/org.apache.ftpserver/ftplet-api/1.0.6/26e5401d312ddce82027a200941a48272700443a/ftplet-api-1.0.6.jar:/home/headly48/.gradle/caches/modules-2/files-2.1/org.apache.mina/mina-core/2.0.4/7fdb2aabfa2c942c2853158864abdebf27dc1003/mina-core-2.0.4.jar:/home/headly48/.gradle/caches/modules-2/files-2.1/org.scalatest/scalatest-core_2.13/3.2.0/29eb9344c741ca67459381d8cbd0c7765d9f20ef/scalatest-core_2.13-3.2.0.jar:/home/headly48/.gradle/caches/modules-2/files-2.1/org.scalatest/scalatest-featurespec_2.13/3.2.0/ffd4a256393bf9d7b232a2164cf918944b6b325c/scalatest-featurespec_2.13-3.2.0.jar:/home/headly48/.gradle/caches/modules-2/files-2.1/org.scalatest/scalatest-flatspec_2.13/3.2.0/118d2e35873ba9c1889438850ffee17e19d80e8c/scalatest-flatspec_2.13-3.2.0.jar:/home/headly48/.gradle/caches/modules-2/files-2.1/org.scalatest/scalatest-freespec_2.13/3.2.0/8bc4075e537022f88c44ff807163c3f4b220e5a1/scalatest-freespec_2.13-3.2.0.jar:/home/headly48/.gradle/caches/modules-2/files-2.1/org.scalatest/scalatest-funsuite_2.13/3.2.0/53937d57b9270423e129c580ffc7a89ceb99f93e/scalatest-funsuite_2.13-3.2.0.jar:/home/headly48/.gradle/caches/modules-2/files-2.1/org.scalatest/scalatest-funspec_2.13/3.2.0/463d1b3b84811e96a03f0e0ae5df6ccaae24c96/scalatest-funspec_2.13-3.2.0.jar:/home/headly48/.gradle/caches/modules-2/files-2.1/org.scalatest/scalatest-propspec_2.13/3.2.0/11ab33f1c6c6a02e5ed3c8796959fbdc92c693ba/scalatest-propspec_2.13-3.2.0.jar:/home/headly48/.gradle/caches/modules-2/files-2.1/org.scalatest/scalatest-refspec_2.13/3.2.0/192e00bd4f44b93e115bbd178ad7fb9a403168f/scalatest-refspec_2.13-3.2.0.jar:/home/headly48/.gradle/caches/modules-2/files-2.1/org.scalatest/scalatest-wordspec_2.13/3.2.0/52e8906c92f7ff0a13671ad75d9704d93ca938bd/scalatest-wordspec_2.13-3.2.0.jar:/home/headly48/.gradle/caches/modules-2/files-2.1/org.scalatest/scalatest-diagrams_2.13/3.2.0/4fa3fe73e3c2c07bb6a813b48fa55e17fa449842/scalatest-diagrams_2.13-3.2.0.jar:/home/headly48/.gradle/caches/modules-2/files-2.1/org.scalatest/scalatest-matchers-core_2.13/3.2.0/4549d775e2c85e32e0e8b408829ebe6c230b67b8/scalatest-matchers-core_2.13-3.2.0.jar:/home/headly48/.gradle/caches/modules-2/files-2.1/org.scalatest/scalatest-shouldmatchers_2.13/3.2.0/ca2357ccacffe723519405490a6bda4971757462/scalatest-shouldmatchers_2.13-3.2.0.jar:/home/headly48/.gradle/caches/modules-2/files-2.1/org.scalatest/scalatest-mustmatchers_2.13/3.2.0/8ef70432cf8a630f7a01fae73f5406258728faa1/scalatest-mustmatchers_2.13-3.2.0.jar:/home/headly48/.gradle/caches/modules-2/files-2.1/org.mockito/mockito-core/3.2.4/cb53dbffde7a79e81b0f79e4a3e5e74ed67afcda/mockito-core-3.2.4.jar:/home/headly48/.gradle/caches/modules-2/files-2.1/com.vladsch.flexmark/flexmark/0.35.10/8b43abb0fc4216ad6bb3664cd6c04088a71273bb/flexmark-0.35.10.jar:/home/headly48/.gradle/caches/modules-2/files-2.1/com.vladsch.flexmark/flexmark-ext-abbreviation/0.35.10/38d86392b30d175b43a7c12d0153d01a6613635d/flexmark-ext-abbreviation-0.35.10.jar:/home/headly48/.gradle/caches/modules-2/files-2.1/com.vladsch.flexmark/flexmark-ext-admonition/0.35.10/a6ea91c079e6eb7099b6ac13dbb89e8910c182c6/flexmark-ext-admonition-0.35.10.jar:/home/headly48/.gradle/caches/modules-2/files-2.1/com.vladsch.flexmark/flexmark-ext-anchorlink/0.35.10/66dfff694fc82a26134d4ec9ad768c6b2186165d/flexmark-ext-anchorlink-0.35.10.jar:/home/headly48/.gradle/caches/modules-2/files-2.1/com.vladsch.flexmark/flexmark-ext-aside/0.35.10/c0743c5b46cab383eae5bf8d3779487c2cd7b09e/flexmark-ext-aside-0.35.10.jar:/home/headly48/.gradle/caches/modules-2/files-2.1/com.vladsch.flexmark/flexmark-ext-attributes/0.35.10/1dab5ad82aaf8c2f7237b10e2be1944af282d6d1/flexmark-ext-attributes-0.35.10.jar:/home/headly48/.gradle/caches/modules-2/files-2.1/com.vladsch.flexmark/flexmark-ext-autolink/0.35.10/539f0ba2775ff1b2b91f3879d7be956427c1a996/flexmark-ext-autolink-0.35.10.jar:/home/headly48/.gradle/caches/modules-2/files-2.1/com.vladsch.flexmark/flexmark-ext-definition/0.35.10/db259c7e78596a962c8e28da18e86dfb785ad060/flexmark-ext-definition-0.35.10.jar:/home/headly48/.gradle/caches/modules-2/files-2.1/com.vladsch.flexmark/flexmark-ext-emoji/0.35.10/7c96538d6ea3770610a462632397f546a597c5c1/flexmark-ext-emoji-0.35.10.jar:/home/headly48/.gradle/caches/modules-2/files-2.1/com.vladsch.flexmark/flexmark-ext-enumerated-reference/0.35.10/99f646d77d8d81b6843c09f2da97a64eba37c1f1/flexmark-ext-enumerated-reference-0.35.10.jar:/home/headly48/.gradle/caches/modules-2/files-2.1/com.vladsch.flexmark/flexmark-ext-escaped-character/0.35.10/50ec93ee73413456cb89456cfd01d030850d0f2b/flexmark-ext-escaped-character-0.35.10.jar:/home/headly48/.gradle/caches/modules-2/files-2.1/com.vladsch.flexmark/flexmark-ext-footnotes/0.35.10/9a3d9aa42216930da8b1f54862b04af6b83c4eee/flexmark-ext-footnotes-0.35.10.jar:/home/headly48/.gradle/caches/modules-2/files-2.1/com.vladsch.flexmark/flexmark-ext-gfm-issues/0.35.10/bf8ea7038c219c8a07636cf39091e2954741439/flexmark-ext-gfm-issues-0.35.10.jar:/home/headly48/.gradle/caches/modules-2/files-2.1/com.vladsch.flexmark/flexmark-ext-gfm-strikethrough/0.35.10/380ade291de6242838fd0434122863b202842ed5/flexmark-ext-gfm-strikethrough-0.35.10.jar:/home/headly48/.gradle/caches/modules-2/files-2.1/com.vladsch.flexmark/flexmark-ext-gfm-tables/0.35.10/b8efd11929a472f61068d149e79da35f3ba5eda2/flexmark-ext-gfm-tables-0.35.10.jar:/home/headly48/.gradle/caches/modules-2/files-2.1/com.vladsch.flexmark/flexmark-ext-gfm-tasklist/0.35.10/af06d22eadba49bca3a931bb0acfb2629e74e02f/flexmark-ext-gfm-tasklist-0.35.10.jar:/home/headly48/.gradle/caches/modules-2/files-2.1/com.vladsch.flexmark/flexmark-ext-gfm-users/0.35.10/1686d39206806459eb9af8c0530c3747b11dfcf8/flexmark-ext-gfm-users-0.35.10.jar:/home/headly48/.gradle/caches/modules-2/files-2.1/com.vladsch.flexmark/flexmark-ext-gitlab/0.35.10/2e48810a0e6d101e7a84ae05151ab1cee1cdb13e/flexmark-ext-gitlab-0.35.10.jar:/home/headly48/.gradle/caches/modules-2/files-2.1/com.vladsch.flexmark/flexmark-ext-jekyll-front-matter/0.35.10/bb030ae81a5c927fce17ff1d390918312f4ca321/flexmark-ext-jekyll-front-matter-0.35.10.jar:/home/headly48/.gradle/caches/modules-2/files-2.1/com.vladsch.flexmark/flexmark-ext-jekyll-tag/0.35.10/33ba4cebd37247bdaedaecdc5bb7a6b394f78241/flexmark-ext-jekyll-tag-0.35.10.jar:/home/headly48/.gradle/caches/modules-2/files-2.1/com.vladsch.flexmark/flexmark-ext-media-tags/0.35.10/9d4c5fb6f2ace16727e593f1cbe0afa66e873405/flexmark-ext-media-tags-0.35.10.jar:/home/headly48/.gradle/caches/modules-2/files-2.1/com.vladsch.flexmark/flexmark-ext-macros/0.35.10/11c39e8a7096ee94b04be4f0ee63b07cc6bdf3c9/flexmark-ext-macros-0.35.10.jar:/home/headly48/.gradle/caches/modules-2/files-2.1/com.vladsch.flexmark/flexmark-ext-ins/0.35.10/a386de39aa604b9ab996b6b2f3e2f872911cb59f/flexmark-ext-ins-0.35.10.jar:/home/headly48/.gradle/caches/modules-2/files-2.1/com.vladsch.flexmark/flexmark-ext-xwiki-macros/0.35.10/bb2ac740754e17d12e0fa4271ec5449db27a6b28/flexmark-ext-xwiki-macros-0.35.10.jar:/home/headly48/.gradle/caches/modules-2/files-2.1/com.vladsch.flexmark/flexmark-ext-superscript/0.35.10/5af389551f2a4d69239074e790c811f4a5205631/flexmark-ext-superscript-0.35.10.jar:/home/headly48/.gradle/caches/modules-2/files-2.1/com.vladsch.flexmark/flexmark-ext-tables/0.35.10/5d8e7fd544aac7e33a1ef2ab5b7c1e0643ff1083/flexmark-ext-tables-0.35.10.jar:/home/headly48/.gradle/caches/modules-2/files-2.1/com.vladsch.flexmark/flexmark-ext-toc/0.35.10/f9653bf91db2767bf7d376cbbd48edc031a45d9e/flexmark-ext-toc-0.35.10.jar:/home/headly48/.gradle/caches/modules-2/files-2.1/com.vladsch.flexmark/flexmark-ext-typographic/0.35.10/dbeca72f81363b79ab29563c58bc46346af27ed4/flexmark-ext-typographic-0.35.10.jar:/home/headly48/.gradle/caches/modules-2/files-2.1/com.vladsch.flexmark/flexmark-ext-wikilink/0.35.10/d74a9ed5db37149de7660a8ec37a3a439dce9186/flexmark-ext-wikilink-0.35.10.jar:/home/headly48/.gradle/caches/modules-2/files-2.1/com.vladsch.flexmark/flexmark-ext-yaml-front-matter/0.35.10/3d85a22652d764528cb76af7aea900317e59e1c4/flexmark-ext-yaml-front-matter-0.35.10.jar:/home/headly48/.gradle/caches/modules-2/files-2.1/com.vladsch.flexmark/flexmark-ext-youtube-embedded/0.35.10/a57289d2a8f12c92b67d76d51e9bec4e24b7b7e0/flexmark-ext-youtube-embedded-0.35.10.jar:/home/headly48/.gradle/caches/modules-2/files-2.1/com.vladsch.flexmark/flexmark-formatter/0.35.10/90731d575b6068c82da96bdbf472bf04ff691604/flexmark-formatter-0.35.10.jar:/home/headly48/.gradle/caches/modules-2/files-2.1/com.vladsch.flexmark/flexmark-html-parser/0.35.10/2b2430f770d076ad2943ce4d7125a2dc35e4978d/flexmark-html-parser-0.35.10.jar:/home/headly48/.gradle/caches/modules-2/files-2.1/com.vladsch.flexmark/flexmark-jira-converter/0.35.10/47ac87bf8d576591a50ef4d128d8083aa40acf07/flexmark-jira-converter-0.35.10.jar:/home/headly48/.gradle/caches/modules-2/files-2.1/com.vladsch.flexmark/flexmark-pdf-converter/0.35.10/ba75a2bc5f7101398c9bb9acc5147dad12d12861/flexmark-pdf-converter-0.35.10.jar:/home/headly48/.gradle/caches/modules-2/files-2.1/com.vladsch.flexmark/flexmark-profile-pegdown/0.35.10/679612440466feeef73612bedcab98d3d1c00696/flexmark-profile-pegdown-0.35.10.jar:/home/headly48/.gradle/caches/modules-2/files-2.1/com.vladsch.flexmark/flexmark-util/0.35.10/bb130279174ca616d6dbb80d21cbf3b8f95890a5/flexmark-util-0.35.10.jar:/home/headly48/.gradle/caches/modules-2/files-2.1/com.vladsch.flexmark/flexmark-youtrack-converter/0.35.10/43faccb4d0cf78465db240a376013870f30e1fe4/flexmark-youtrack-converter-0.35.10.jar:/home/headly48/.gradle/caches/modules-2/files-2.1/org.parboiled/parboiled-java/1.1.6/cb2ffa720f75b2fce8cfd1875599319e75ea9557/parboiled-java-1.1.6.jar:/home/headly48/.gradle/caches/modules-2/files-2.1/log4j/log4j/1.2.17/5af35056b4d257e4b64b9e8069c0746e8b08629f/log4j-1.2.17.jar:/home/headly48/.gradle/caches/modules-2/files-2.1/com.github.luben/zstd-jni/1.5.5-6/f29e8571c4948a5e6409e9780d2f90b9170e615a/zstd-jni-1.5.5-6.jar:/home/headly48/.gradle/caches/modules-2/files-2.1/org.lz4/lz4-java/1.8.0/4b986a99445e49ea5fbf5d149c4b63f6ed6c6780/lz4-java-1.8.0.jar:/home/headly48/.gradle/caches/modules-2/files-2.1/org.xerial.snappy/snappy-java/1.1.10.5/ac605269f3598506196e469f1fb0d7ed5c55059e/snappy-java-1.1.10.5.jar:/home/headly48/.gradle/caches/modules-2/files-2.1/net.bytebuddy/byte-buddy/1.10.5/d39f2a6c7a3550e03fb12a870e0829b0fa87f036/byte-buddy-1.10.5.jar:/home/headly48/.gradle/caches/modules-2/files-2.1/net.bytebuddy/byte-buddy-agent/1.10.5/d1c949ee74c3421ffd3d9159c867777ded928448/byte-buddy-agent-1.10.5.jar:/home/headly48/.gradle/caches/modules-2/files-2.1/org.objenesis/objenesis/2.6/639033469776fd37c08358c6b92a4761feb2af4b/objenesis-2.6.jar:/home/headly48/.gradle/caches/modules-2/files-2.1/org.nibor.autolink/autolink/0.6.0/3986d016a14e8c81afeec752f19af29b20e8367b/autolink-0.6.0.jar:/home/headly48/.gradle/caches/modules-2/files-2.1/org.jsoup/jsoup/1.10.2/33ee82e324f4b1e40167f3dc5e01234a1c5cab61/jsoup-1.10.2.jar:/home/headly48/.gradle/caches/modules-2/files-2.1/com.openhtmltopdf/openhtmltopdf-core/0.0.1-RC13/2d3108c06026884114f56c85d2a3db72a6da7d12/openhtmltopdf-core-0.0.1-RC13.jar:/home/headly48/.gradle/caches/modules-2/files-2.1/com.openhtmltopdf/openhtmltopdf-pdfbox/0.0.1-RC13/11d082f6959e07f470f0449462fd1629e5c962d6/openhtmltopdf-pdfbox-0.0.1-RC13.jar:/home/headly48/.gradle/caches/modules-2/files-2.1/com.openhtmltopdf/openhtmltopdf-rtl-support/0.0.1-RC13/bc23d414d5b5c888d35b76d2f53e3ba2d69952c3/openhtmltopdf-rtl-support-0.0.1-RC13.jar:/home/headly48/.gradle/caches/modules-2/files-2.1/com.openhtmltopdf/openhtmltopdf-jsoup-dom-converter/0.0.1-RC13/2887c313e229da6667bd18c3698959191b6da787/openhtmltopdf-jsoup-dom-converter-0.0.1-RC13.jar:/home/headly48/.gradle/caches/modules-2/files-2.1/org.parboiled/parboiled-core/1.1.6/11bd0c34fc6ac3c3cbf440ab8180cc6422c044e9/parboiled-core-1.1.6.jar:/home/headly48/.gradle/caches/modules-2/files-2.1/org.ow2.asm/asm/4.1/ad568238ee36a820bd6c6806807e8a14ea34684d/asm-4.1.jar:/home/headly48/.gradle/caches/modules-2/files-2.1/org.ow2.asm/asm-tree/4.1/51085abcc4cb6c6e1cb5551e6f999eb8e31c5b2d/asm-tree-4.1.jar:/home/headly48/.gradle/caches/modules-2/files-2.1/org.ow2.asm/asm-analysis/4.1/73401033069e4714f57b60aeae02f97210aaa64e/asm-analysis-4.1.jar:/home/headly48/.gradle/caches/modules-2/files-2.1/org.ow2.asm/asm-util/4.1/6344065cb0f94e2b930a95e6656e040ebc11df08/asm-util-4.1.jar:/home/headly48/.gradle/caches/modules-2/files-2.1/org.apache.pdfbox/pdfbox/2.0.8/17bdf273d66f3afe41eedb9d3ab6a7b819c44a0c/pdfbox-2.0.8.jar:/home/headly48/.gradle/caches/modules-2/files-2.1/org.apache.pdfbox/xmpbox/2.0.8/bcce394a05b96c6155d27e144eb6e359ee7ff6b1/xmpbox-2.0.8.jar:/home/headly48/.gradle/caches/modules-2/files-2.1/de.rototor.pdfbox/graphics2d/0.12/7df4072cd4d94233bdb9921b07ebaeb8a8508603/graphics2d-0.12.jar:/home/headly48/.gradle/caches/modules-2/files-2.1/com.ibm.icu/icu4j/59.1/6f06e820cf4c8968bbbaae66ae0b33f6a256b57f/icu4j-59.1.jar:/home/headly48/.gradle/caches/modules-2/files-2.1/org.apache.pdfbox/fontbox/2.0.8/52f852fcfc7481d45efdffd224eb78b85981b17b/fontbox-2.0.8.jar:/home/headly48/.gradle/caches/modules-2/files-2.1/commons-logging/commons-logging/1.2/4bfc12adfe4842bf07b657f0369c4cb522955686/commons-logging-1.2.jar:/home/headly48/.gradle/caches/modules-2/files-2.1/org.slf4j/slf4j-api/1.7.36/6c62681a2f655b49963a5983b8b0950a6120ae14/slf4j-api-1.7.36.jar:/home/headly48/.gradle/caches/modules-2/files-2.1/org.scala-lang/scala-reflect/2.13.2/2a6dd4989a27aba0dd43bc297045cff633d70064/scala-reflect-2.13.2.jar:/home/headly48/.gradle/caches/modules-2/files-2.1/org.scalatest/scalatest-compatible/3.2.0/29c6b56040fdd0fe1af3255d7acacd691a960ff3/scalatest-compatible-3.2.0.jar:/home/headly48/.gradle/caches/modules-2/files-2.1/org.scalactic/scalactic_2.13/3.2.0/3935d8629ea203fbfa7d3a3b1599d21646ea32f6/scalactic_2.13-3.2.0.jar:/home/headly48/.gradle/caches/modules-2/files-2.1/org.scala-lang.modules/scala-xml_2.13/1.2.0/f6abd60d28c189f05183b26c5363713d1d126b83/scala-xml_2.13-1.2.0.jar">
</property>
    <property name="java.vm.specification.version" value="1.8"/>
    <property name="sun.arch.data.model" value="64"/>
    <property 
    name="java.home" value="/home/headly48/.sdkman/candidates/java/8.0.392-amzn/jre">
</property>
    <property 
    name="sun.java.command" value="org.scalatest.tools.Runner -oDS -PS16 -R /home/headly48/projects/kafka-connect-ftp/build/classes/test -u /home/headly48/projects/kafka-connect-ftp/build/test-results/test -h /home/headly48/projects/kafka-connect-ftp/build/reports/tests/test">
</property>
    <property name="java.specification.vendor" value="Oracle Corporation"/>
    <property name="user.language" value="en"/>
    <property name="awt.toolkit" value="sun.awt.X11.XToolkit"/>
    <property name="java.vm.info" value="mixed mode"/>
    <property name="java.version" value="1.8.0_392"/>
    <property 
    name="java.ext.dirs" value="/home/headly48/.sdkman/candidates/java/8.0.392-amzn/jre/lib/ext:/usr/java/packages/lib/ext">
</property>
    <property 
    name="sun.boot.class.path" value="/home/headly48/.sdkman/candidates/java/8.0.392-amzn/jre/lib/resources.jar:/home/headly48/.sdkman/candidates/java/8.0.392-amzn/jre/lib/rt.jar:/home/headly48/.sdkman/candidates/java/8.0.392-amzn/jre/lib/sunrsasign.jar:/home/headly48/.sdkman/candidates/java/8.0.392-amzn/jre/lib/jsse.jar:/home/headly48/.sdkman/candidates/java/8.0.392-amzn/jre/lib/jce.jar:/home/headly48/.sdkman/candidates/java/8.0.392-amzn/jre/lib/charsets.jar:/home/headly48/.sdkman/candidates/java/8.0.392-amzn/jre/lib/jfr.jar:/home/headly48/.sdkman/candidates/java/8.0.392-amzn/jre/classes">
</property>
    <property name="java.vendor" value="Amazon.com Inc."/>
    <property name="java.specification.maintenance.version" value="5"/>
    <property name="file.separator" value="/"/>
    <property 
    name="java.vendor.url.bug" value="https://github.com/corretto/corretto-8/issues/">
</property>
    <property name="sun.cpu.endian" value="little"/>
    <property name="sun.io.unicode.encoding" value="UnicodeLittle"/>
    <property name="sun.cpu.isalist" value=""/>
  </properties>
  <system-out><![CDATA[]]></system-out>
  <system-err><![CDATA[]]></system-err>
</testsuite>
