<?xml version="1.0" encoding="UTF-8" ?>
<testsuite 
errors="0" failures="0" hostname="DESKTOP-TLRGKV5" name="org.scalatest.tools.DiscoverySuite" tests="0" time="4.181" timestamp="2024-03-03T12:08:25">
  <properties>
    <property name="java.runtime.name" value="OpenJDK Runtime Environment">
    </property>
    <property 
    name="sun.boot.library.path" value="/home/headly48/.sdkman/candidates/java/8.0.392-amzn/jre/lib/amd64">
</property>
    <property name="java.vm.version" value="25.392-b08"> </property>
    <property name="java.vm.vendor" value="Amazon.com Inc."> </property>
    <property name="java.vendor.url" value="https://aws.amazon.com/corretto/">
    </property>
    <property name="path.separator" value=":"> </property>
    <property name="java.vm.name" value="OpenJDK 64-Bit Server VM"> </property>
    <property name="file.encoding.pkg" value="sun.io"> </property>
    <property name="user.country" value=""> </property>
    <property name="sun.java.launcher" value="SUN_STANDARD"> </property>
    <property name="sun.os.patch.level" value="unknown"> </property>
    <property 
    name="java.vm.specification.name" value="Java Virtual Machine Specification">
</property>
    <property 
    name="user.dir" value="/home/headly48/projects/kafka-connect-ftp">
</property>
    <property name="java.runtime.version" value="1.8.0_392-b08"> </property>
    <property 
    name="java.awt.graphicsenv" value="sun.awt.X11GraphicsEnvironment">
</property>
    <property 
    name="java.endorsed.dirs" value="/home/headly48/.sdkman/candidates/java/8.0.392-amzn/jre/lib/endorsed">
</property>
    <property name="os.arch" value="amd64"> </property>
    <property name="java.io.tmpdir" value="/tmp"> </property>
    <property name="line.separator" value=" "> </property>
    <property name="java.vm.specification.vendor" value="Oracle Corporation">
    </property>
    <property name="user.variant" value=""> </property>
    <property name="os.name" value="Linux"> </property>
    <property name="sun.jnu.encoding" value="UTF-8"> </property>
    <property 
    name="java.library.path" value="/usr/java/packages/lib/amd64:/usr/lib64:/lib64:/lib:/usr/lib">
</property>
    <property 
    name="java.specification.name" value="Java Platform API Specification">
</property>
    <property name="java.class.version" value="52.0"> </property>
    <property 
    name="sun.management.compiler" value="HotSpot 64-Bit Tiered Compilers">
</property>
    <property name="os.version" value="5.15.133.1-microsoft-standard-WSL2">
    </property>
    <property name="user.home" value="/home/headly48"> </property>
    <property name="user.timezone" value=""> </property>
    <property name="java.awt.printerjob" value="sun.print.PSPrinterJob">
    </property>
    <property name="file.encoding" value="UTF-8"> </property>
    <property name="java.specification.version" value="1.8"> </property>
    <property name="user.name" value="headly48"> </property>
    <property 
    name="java.class.path" value="/home/headly48/projects/kafka-connect-ftp/build/classes/test:/home/headly48/projects/kafka-connect-ftp/build/resources/test:/home/headly48/projects/kafka-connect-ftp/build/classes/main:/home/headly48/projects/kafka-connect-ftp/build/resources/main:/home/headly48/.gradle/caches/modules-2/files-2.1/com.typesafe.scala-logging/scala-logging-slf4j_2.11/2.1.2/7628485be79eacac9e7f19bf049f581394d45ea3/scala-logging-slf4j_2.11-2.1.2.jar:/home/headly48/.gradle/caches/modules-2/files-2.1/org.apache.kafka/connect-api/0.10.2.0/bb7f0a7e61529f498115fea86ed61501fea5853f/connect-api-0.10.2.0.jar:/home/headly48/.gradle/caches/modules-2/files-2.1/com.github.pathikrit/better-files_2.11/2.16.0/f1fcfae338355335cf95dc254917783be6d1b95b/better-files_2.11-2.16.0.jar:/home/headly48/.gradle/caches/modules-2/files-2.1/org.apache.ftpserver/ftpserver-core/1.0.6/2ad1570cd6c0d7ea7ca4d3c26a205e02452f5d7d/ftpserver-core-1.0.6.jar:/home/headly48/.gradle/caches/modules-2/files-2.1/commons-net/commons-net/3.5/342fc284019f590e1308056990fdb24a08f06318/commons-net-3.5.jar:/home/headly48/.gradle/caches/modules-2/files-2.1/commons-codec/commons-codec/1.10/4b95f4897fa13f2cd904aee711aeafc0c5295cd8/commons-codec-1.10.jar:/home/headly48/.gradle/caches/modules-2/files-2.1/org.scalatest/scalatest_2.11/3.0.1/40a1842e7f0b915d87de1cb69f9c6962a65ee1fd/scalatest_2.11-3.0.1.jar:/home/headly48/.gradle/caches/modules-2/files-2.1/org.mockito/mockito-all/1.8.4/5c97d8b6e715ed941aeb93d6fc401ab3eb18a566/mockito-all-1.8.4.jar:/home/headly48/.gradle/caches/modules-2/files-2.1/org.pegdown/pegdown/1.4.2/d96db502ed832df867ff5d918f05b51ba3879ea7/pegdown-1.4.2.jar:/home/headly48/.gradle/caches/modules-2/files-2.1/org.slf4j/slf4j-log4j12/1.7.21/7238b064d1aba20da2ac03217d700d91e02460fa/slf4j-log4j12-1.7.21.jar:/home/headly48/.gradle/caches/modules-2/files-2.1/com.typesafe.scala-logging/scala-logging-api_2.11/2.1.2/fed5521041c26b8c1daa2d5e5dc5f01b9bde4fe6/scala-logging-api_2.11-2.1.2.jar:/home/headly48/.gradle/caches/modules-2/files-2.1/org.apache.kafka/kafka-clients/0.10.2.0/c20571ff756fcf8f4a7f76fc7b23707a4c14a67d/kafka-clients-0.10.2.0.jar:/home/headly48/.gradle/caches/modules-2/files-2.1/org.apache.ftpserver/ftplet-api/1.0.6/26e5401d312ddce82027a200941a48272700443a/ftplet-api-1.0.6.jar:/home/headly48/.gradle/caches/modules-2/files-2.1/org.apache.mina/mina-core/2.0.4/7fdb2aabfa2c942c2853158864abdebf27dc1003/mina-core-2.0.4.jar:/home/headly48/.gradle/caches/modules-2/files-2.1/org.scalactic/scalactic_2.11/3.0.1/3c444d143879dc172fa555cea08fd0de6fa2f34f/scalactic_2.11-3.0.1.jar:/home/headly48/.gradle/caches/modules-2/files-2.1/org.scala-lang.modules/scala-xml_2.11/1.0.5/77ac9be4033768cf03cc04fbd1fc5e5711de2459/scala-xml_2.11-1.0.5.jar:/home/headly48/.gradle/caches/modules-2/files-2.1/org.scala-lang.modules/scala-parser-combinators_2.11/1.0.4/7369d653bcfa95d321994660477a4d7e81d7f490/scala-parser-combinators_2.11-1.0.4.jar:/home/headly48/.gradle/caches/modules-2/files-2.1/org.parboiled/parboiled-java/1.1.6/cb2ffa720f75b2fce8cfd1875599319e75ea9557/parboiled-java-1.1.6.jar:/home/headly48/.gradle/caches/modules-2/files-2.1/log4j/log4j/1.2.17/5af35056b4d257e4b64b9e8069c0746e8b08629f/log4j-1.2.17.jar:/home/headly48/.gradle/caches/modules-2/files-2.1/net.jpountz.lz4/lz4/1.3.0/c708bb2590c0652a642236ef45d9f99ff842a2ce/lz4-1.3.0.jar:/home/headly48/.gradle/caches/modules-2/files-2.1/org.xerial.snappy/snappy-java/1.1.2.6/48d92871ca286a47f230feb375f0bbffa83b85f6/snappy-java-1.1.2.6.jar:/home/headly48/.gradle/caches/modules-2/files-2.1/org.parboiled/parboiled-core/1.1.6/11bd0c34fc6ac3c3cbf440ab8180cc6422c044e9/parboiled-core-1.1.6.jar:/home/headly48/.gradle/caches/modules-2/files-2.1/org.ow2.asm/asm/4.1/ad568238ee36a820bd6c6806807e8a14ea34684d/asm-4.1.jar:/home/headly48/.gradle/caches/modules-2/files-2.1/org.ow2.asm/asm-tree/4.1/51085abcc4cb6c6e1cb5551e6f999eb8e31c5b2d/asm-tree-4.1.jar:/home/headly48/.gradle/caches/modules-2/files-2.1/org.ow2.asm/asm-analysis/4.1/73401033069e4714f57b60aeae02f97210aaa64e/asm-analysis-4.1.jar:/home/headly48/.gradle/caches/modules-2/files-2.1/org.ow2.asm/asm-util/4.1/6344065cb0f94e2b930a95e6656e040ebc11df08/asm-util-4.1.jar:/home/headly48/.gradle/caches/modules-2/files-2.1/org.scala-lang/scala-library/2.11.8/ddd5a8bced249bedd86fb4578a39b9fb71480573/scala-library-2.11.8.jar:/home/headly48/.gradle/caches/modules-2/files-2.1/org.slf4j/slf4j-api/1.7.21/139535a69a4239db087de9bab0bee568bf8e0b70/slf4j-api-1.7.21.jar:/home/headly48/.gradle/caches/modules-2/files-2.1/org.scala-lang/scala-reflect/2.11.8/b74530deeba742ab4f3134de0c2da0edc49ca361/scala-reflect-2.11.8.jar">
</property>
    <property name="java.vm.specification.version" value="1.8"> </property>
    <property name="sun.arch.data.model" value="64"> </property>
    <property 
    name="java.home" value="/home/headly48/.sdkman/candidates/java/8.0.392-amzn/jre">
</property>
    <property 
    name="sun.java.command" value="org.scalatest.tools.Runner -oDS -PS16 -R /home/headly48/projects/kafka-connect-ftp/build/classes/test -u /home/headly48/projects/kafka-connect-ftp/build/test-results/test -h /home/headly48/projects/kafka-connect-ftp/build/reports/tests/test">
</property>
    <property name="java.specification.vendor" value="Oracle Corporation">
    </property>
    <property name="user.language" value="en"> </property>
    <property name="awt.toolkit" value="sun.awt.X11.XToolkit"> </property>
    <property name="java.vm.info" value="mixed mode"> </property>
    <property name="java.version" value="1.8.0_392"> </property>
    <property 
    name="java.ext.dirs" value="/home/headly48/.sdkman/candidates/java/8.0.392-amzn/jre/lib/ext:/usr/java/packages/lib/ext">
</property>
    <property 
    name="sun.boot.class.path" value="/home/headly48/.sdkman/candidates/java/8.0.392-amzn/jre/lib/resources.jar:/home/headly48/.sdkman/candidates/java/8.0.392-amzn/jre/lib/rt.jar:/home/headly48/.sdkman/candidates/java/8.0.392-amzn/jre/lib/sunrsasign.jar:/home/headly48/.sdkman/candidates/java/8.0.392-amzn/jre/lib/jsse.jar:/home/headly48/.sdkman/candidates/java/8.0.392-amzn/jre/lib/jce.jar:/home/headly48/.sdkman/candidates/java/8.0.392-amzn/jre/lib/charsets.jar:/home/headly48/.sdkman/candidates/java/8.0.392-amzn/jre/lib/jfr.jar:/home/headly48/.sdkman/candidates/java/8.0.392-amzn/jre/classes">
</property>
    <property name="java.vendor" value="Amazon.com Inc."> </property>
    <property name="java.specification.maintenance.version" value="5">
    </property>
    <property name="file.separator" value="/"> </property>
    <property 
    name="java.vendor.url.bug" value="https://github.com/corretto/corretto-8/issues/">
</property>
    <property name="sun.cpu.endian" value="little"> </property>
    <property name="sun.io.unicode.encoding" value="UnicodeLittle"> </property>
    <property name="sun.cpu.isalist" value=""> </property>
  </properties>
  <system-out><![CDATA[]]></system-out>
  <system-err><![CDATA[]]></system-err>
</testsuite>
